<?xml version="1.0" encoding="utf-8"?><testsuites><testsuite name="pytest" errors="0" failures="0" skipped="0" tests="198" time="210.072" timestamp="2024-08-07T15:18:26.852104" hostname="DESKTOP-ABSCGQ6"><testcase classname="tests.test_build_runner.TestBuildRunner" name="test_build_runner_complete[bot0]" time="1.790" /><testcase classname="tests.test_build_runner.TestBuildRunner" name="test_build_runner_complete[bot1]" time="1.852" /><testcase classname="tests.test_build_runner.TestBuildRunner" name="test_build_runner_complete[bot2]" time="1.761" /><testcase classname="tests.test_build_runner.TestBuildRunner" name="test_build_runner_complete[bot3]" time="1.506" /><testcase classname="tests.test_build_runner.TestBuildRunner" name="test_build_runner_complete[bot4]" time="1.879" /><testcase classname="tests.test_build_runner.TestBuildRunner" name="test_build_runner_complete[bot5]" time="1.895" /><testcase classname="tests.test_custom_bot_ai.TestCustomBotAI" name="test_get_total_supply[bot0]" time="1.788" /><testcase classname="tests.test_custom_bot_ai.TestCustomBotAI" name="test_split_ground_fliers[bot0]" time="0.002" /><testcase classname="tests.test_custom_bot_ai.TestCustomBotAI" name="test_get_total_supply[bot1]" time="1.970" /><testcase classname="tests.test_custom_bot_ai.TestCustomBotAI" name="test_split_ground_fliers[bot1]" time="0.002" /><testcase classname="tests.test_custom_bot_ai.TestCustomBotAI" name="test_get_total_supply[bot2]" time="1.749" /><testcase classname="tests.test_custom_bot_ai.TestCustomBotAI" name="test_split_ground_fliers[bot2]" time="0.002" /><testcase classname="tests.test_custom_bot_ai.TestCustomBotAI" name="test_get_total_supply[bot3]" time="1.500" /><testcase classname="tests.test_custom_bot_ai.TestCustomBotAI" name="test_split_ground_fliers[bot3]" time="0.001" /><testcase classname="tests.test_custom_bot_ai.TestCustomBotAI" name="test_get_total_supply[bot4]" time="1.947" /><testcase classname="tests.test_custom_bot_ai.TestCustomBotAI" name="test_split_ground_fliers[bot4]" time="0.001" /><testcase classname="tests.test_custom_bot_ai.TestCustomBotAI" name="test_get_total_supply[bot5]" time="1.748" /><testcase classname="tests.test_custom_bot_ai.TestCustomBotAI" name="test_split_ground_fliers[bot5]" time="0.003" /><testcase classname="tests.test_manager_mediator.TestMediator" name="test_get_ability_tracker[bot0]" time="1.871" /><testcase classname="tests.test_manager_mediator.TestMediator" name="test_update_ability_tracker[bot0]" time="0.001" /><testcase classname="tests.test_manager_mediator.TestMediator" name="test_build_with_specific_worker[bot0]" time="0.001" /><testcase classname="tests.test_manager_mediator.TestMediator" name="test_can_win_fight[bot0]" time="0.010" /><testcase classname="tests.test_manager_mediator.TestMediator" name="test_enemy_expanded[bot0]" time="0.001" /><testcase classname="tests.test_manager_mediator.TestMediator" name="test_cheese[bot0]" time="0.001" /><testcase classname="tests.test_manager_mediator.TestMediator" name="test_get_ability_tracker[bot1]" time="1.789" /><testcase classname="tests.test_manager_mediator.TestMediator" name="test_update_ability_tracker[bot1]" time="0.001" /><testcase classname="tests.test_manager_mediator.TestMediator" name="test_build_with_specific_worker[bot1]" time="0.001" /><testcase classname="tests.test_manager_mediator.TestMediator" name="test_can_win_fight[bot1]" time="0.003" /><testcase classname="tests.test_manager_mediator.TestMediator" name="test_enemy_expanded[bot1]" time="0.001" /><testcase classname="tests.test_manager_mediator.TestMediator" name="test_cheese[bot1]" time="0.001" /><testcase classname="tests.test_manager_mediator.TestMediator" name="test_get_ability_tracker[bot2]" time="1.859" /><testcase classname="tests.test_manager_mediator.TestMediator" name="test_update_ability_tracker[bot2]" time="0.001" /><testcase classname="tests.test_manager_mediator.TestMediator" name="test_build_with_specific_worker[bot2]" time="0.001" /><testcase classname="tests.test_manager_mediator.TestMediator" name="test_can_win_fight[bot2]" time="0.003" /><testcase classname="tests.test_manager_mediator.TestMediator" name="test_enemy_expanded[bot2]" time="0.001" /><testcase classname="tests.test_manager_mediator.TestMediator" name="test_cheese[bot2]" time="0.001" /><testcase classname="tests.test_manager_mediator.TestMediator" name="test_get_ability_tracker[bot3]" time="1.511" /><testcase classname="tests.test_manager_mediator.TestMediator" name="test_update_ability_tracker[bot3]" time="0.001" /><testcase classname="tests.test_manager_mediator.TestMediator" name="test_build_with_specific_worker[bot3]" time="0.001" /><testcase classname="tests.test_manager_mediator.TestMediator" name="test_can_win_fight[bot3]" time="0.003" /><testcase classname="tests.test_manager_mediator.TestMediator" name="test_enemy_expanded[bot3]" time="0.001" /><testcase classname="tests.test_manager_mediator.TestMediator" name="test_cheese[bot3]" time="0.001" /><testcase classname="tests.test_manager_mediator.TestMediator" name="test_get_ability_tracker[bot4]" time="2.059" /><testcase classname="tests.test_manager_mediator.TestMediator" name="test_update_ability_tracker[bot4]" time="0.001" /><testcase classname="tests.test_manager_mediator.TestMediator" name="test_build_with_specific_worker[bot4]" time="0.001" /><testcase classname="tests.test_manager_mediator.TestMediator" name="test_can_win_fight[bot4]" time="0.003" /><testcase classname="tests.test_manager_mediator.TestMediator" name="test_enemy_expanded[bot4]" time="0.001" /><testcase classname="tests.test_manager_mediator.TestMediator" name="test_cheese[bot4]" time="0.001" /><testcase classname="tests.test_manager_mediator.TestMediator" name="test_get_ability_tracker[bot5]" time="1.774" /><testcase classname="tests.test_manager_mediator.TestMediator" name="test_update_ability_tracker[bot5]" time="0.001" /><testcase classname="tests.test_manager_mediator.TestMediator" name="test_build_with_specific_worker[bot5]" time="0.001" /><testcase classname="tests.test_manager_mediator.TestMediator" name="test_can_win_fight[bot5]" time="0.003" /><testcase classname="tests.test_manager_mediator.TestMediator" name="test_enemy_expanded[bot5]" time="0.001" /><testcase classname="tests.test_manager_mediator.TestMediator" name="test_cheese[bot5]" time="0.005" /><testcase classname="tests.behaviors.combat.test_combat_maneuver.TestCombatManeuver" name="test_combat_maneuver[bot0]" time="1.663" /><testcase classname="tests.behaviors.combat.test_combat_maneuver.TestCombatManeuver" name="test_combat_maneuver[bot1]" time="2.067" /><testcase classname="tests.behaviors.combat.test_combat_maneuver.TestCombatManeuver" name="test_combat_maneuver[bot2]" time="1.565" /><testcase classname="tests.behaviors.combat.test_combat_maneuver.TestCombatManeuver" name="test_combat_maneuver[bot3]" time="1.820" /><testcase classname="tests.behaviors.combat.test_combat_maneuver.TestCombatManeuver" name="test_combat_maneuver[bot4]" time="1.754" /><testcase classname="tests.behaviors.combat.test_combat_maneuver.TestCombatManeuver" name="test_combat_maneuver[bot5]" time="2.130" /><testcase classname="tests.behaviors.combat.group.test_stutter_group_back.TestStutterGroupBack" name="test_stutter_group_back[bot0]" time="1.685" /><testcase classname="tests.behaviors.combat.group.test_stutter_group_back.TestStutterGroupBack" name="test_stutter_group_back[bot1]" time="2.183" /><testcase classname="tests.behaviors.combat.group.test_stutter_group_back.TestStutterGroupBack" name="test_stutter_group_back[bot2]" time="1.588" /><testcase classname="tests.behaviors.combat.group.test_stutter_group_back.TestStutterGroupBack" name="test_stutter_group_back[bot3]" time="1.524" /><testcase classname="tests.behaviors.combat.group.test_stutter_group_back.TestStutterGroupBack" name="test_stutter_group_back[bot4]" time="2.081" /><testcase classname="tests.behaviors.combat.group.test_stutter_group_back.TestStutterGroupBack" name="test_stutter_group_back[bot5]" time="1.756" /><testcase classname="tests.behaviors.combat.individual.test_a_move.TestAMove" name="test_a_move[bot0]" time="2.053" /><testcase classname="tests.behaviors.combat.individual.test_a_move.TestAMove" name="test_a_move[bot1]" time="1.882" /><testcase classname="tests.behaviors.combat.individual.test_a_move.TestAMove" name="test_a_move[bot2]" time="2.046" /><testcase classname="tests.behaviors.combat.individual.test_a_move.TestAMove" name="test_a_move[bot3]" time="1.524" /><testcase classname="tests.behaviors.combat.individual.test_a_move.TestAMove" name="test_a_move[bot4]" time="1.758" /><testcase classname="tests.behaviors.combat.individual.test_a_move.TestAMove" name="test_a_move[bot5]" time="2.213" /><testcase classname="tests.behaviors.combat.individual.test_attack_target.TestAttackTarget" name="test_attack_target[bot0]" time="1.658" /><testcase classname="tests.behaviors.combat.individual.test_attack_target.TestAttackTarget" name="test_attack_target[bot1]" time="2.181" /><testcase classname="tests.behaviors.combat.individual.test_attack_target.TestAttackTarget" name="test_attack_target[bot2]" time="1.591" /><testcase classname="tests.behaviors.combat.individual.test_attack_target.TestAttackTarget" name="test_attack_target[bot3]" time="1.928" /><testcase classname="tests.behaviors.combat.individual.test_attack_target.TestAttackTarget" name="test_attack_target[bot4]" time="1.731" /><testcase classname="tests.behaviors.combat.individual.test_attack_target.TestAttackTarget" name="test_attack_target[bot5]" time="2.369" /><testcase classname="tests.behaviors.combat.individual.test_keep_unit_safe.TestKeepUnitSafe" name="test_keep_unit_safe[bot0]" time="1.854" /><testcase classname="tests.behaviors.combat.individual.test_keep_unit_safe.TestKeepUnitSafe" name="test_keep_unit_safe[bot1]" time="1.897" /><testcase classname="tests.behaviors.combat.individual.test_keep_unit_safe.TestKeepUnitSafe" name="test_keep_unit_safe[bot2]" time="2.010" /><testcase classname="tests.behaviors.combat.individual.test_keep_unit_safe.TestKeepUnitSafe" name="test_keep_unit_safe[bot3]" time="1.538" /><testcase classname="tests.behaviors.combat.individual.test_keep_unit_safe.TestKeepUnitSafe" name="test_keep_unit_safe[bot4]" time="2.197" /><testcase classname="tests.behaviors.combat.individual.test_keep_unit_safe.TestKeepUnitSafe" name="test_keep_unit_safe[bot5]" time="2.981" /><testcase classname="tests.behaviors.combat.individual.test_shoot_target_in_range.TestShootTargetInRange" name="test_shoot_target_in_range[bot0]" time="2.207" /><testcase classname="tests.behaviors.combat.individual.test_shoot_target_in_range.TestShootTargetInRange" name="test_shoot_target_in_range[bot1]" time="1.937" /><testcase classname="tests.behaviors.combat.individual.test_shoot_target_in_range.TestShootTargetInRange" name="test_shoot_target_in_range[bot2]" time="2.097" /><testcase classname="tests.behaviors.combat.individual.test_shoot_target_in_range.TestShootTargetInRange" name="test_shoot_target_in_range[bot3]" time="1.553" /><testcase classname="tests.behaviors.combat.individual.test_shoot_target_in_range.TestShootTargetInRange" name="test_shoot_target_in_range[bot4]" time="1.763" /><testcase classname="tests.behaviors.combat.individual.test_shoot_target_in_range.TestShootTargetInRange" name="test_shoot_target_in_range[bot5]" time="2.463" /><testcase classname="tests.behaviors.macro.test_auto_supply.TestAutoSupply" name="test_auto_supply[bot0]" time="1.814" /><testcase classname="tests.behaviors.macro.test_auto_supply.TestAutoSupply" name="test_auto_supply[bot1]" time="2.332" /><testcase classname="tests.behaviors.macro.test_auto_supply.TestAutoSupply" name="test_auto_supply[bot2]" time="1.705" /><testcase classname="tests.behaviors.macro.test_auto_supply.TestAutoSupply" name="test_auto_supply[bot3]" time="1.589" /><testcase classname="tests.behaviors.macro.test_auto_supply.TestAutoSupply" name="test_auto_supply[bot4]" time="2.301" /><testcase classname="tests.behaviors.macro.test_auto_supply.TestAutoSupply" name="test_auto_supply[bot5]" time="1.804" /><testcase classname="tests.managers.test_ability_tracker_manager.TestAbilityTrackerManager" name="test_update_ability_tracker[bot0]" time="2.152" /><testcase classname="tests.managers.test_ability_tracker_manager.TestAbilityTrackerManager" name="test_update_ability_tracker[bot1]" time="1.899" /><testcase classname="tests.managers.test_ability_tracker_manager.TestAbilityTrackerManager" name="test_update_ability_tracker[bot2]" time="2.097" /><testcase classname="tests.managers.test_ability_tracker_manager.TestAbilityTrackerManager" name="test_update_ability_tracker[bot3]" time="1.538" /><testcase classname="tests.managers.test_ability_tracker_manager.TestAbilityTrackerManager" name="test_update_ability_tracker[bot4]" time="2.250" /><testcase classname="tests.managers.test_ability_tracker_manager.TestAbilityTrackerManager" name="test_update_ability_tracker[bot5]" time="1.879" /><testcase classname="tests.managers.test_building_manager.TestBuildingManager" name="test_add_to_build_tracker[bot0]" time="2.161" /><testcase classname="tests.managers.test_building_manager.TestBuildingManager" name="test_remove_unit[bot0]" time="0.001" /><testcase classname="tests.managers.test_building_manager.TestBuildingManager" name="test_is_pending[bot0]" time="0.001" /><testcase classname="tests.managers.test_building_manager.TestBuildingManager" name="test_add_to_build_tracker[bot1]" time="1.916" /><testcase classname="tests.managers.test_building_manager.TestBuildingManager" name="test_remove_unit[bot1]" time="0.001" /><testcase classname="tests.managers.test_building_manager.TestBuildingManager" name="test_is_pending[bot1]" time="0.001" /><testcase classname="tests.managers.test_building_manager.TestBuildingManager" name="test_add_to_build_tracker[bot2]" time="2.102" /><testcase classname="tests.managers.test_building_manager.TestBuildingManager" name="test_remove_unit[bot2]" time="0.001" /><testcase classname="tests.managers.test_building_manager.TestBuildingManager" name="test_is_pending[bot2]" time="0.001" /><testcase classname="tests.managers.test_building_manager.TestBuildingManager" name="test_add_to_build_tracker[bot3]" time="1.539" /><testcase classname="tests.managers.test_building_manager.TestBuildingManager" name="test_remove_unit[bot3]" time="0.001" /><testcase classname="tests.managers.test_building_manager.TestBuildingManager" name="test_is_pending[bot3]" time="0.001" /><testcase classname="tests.managers.test_building_manager.TestBuildingManager" name="test_add_to_build_tracker[bot4]" time="1.755" /><testcase classname="tests.managers.test_building_manager.TestBuildingManager" name="test_remove_unit[bot4]" time="0.001" /><testcase classname="tests.managers.test_building_manager.TestBuildingManager" name="test_is_pending[bot4]" time="0.001" /><testcase classname="tests.managers.test_building_manager.TestBuildingManager" name="test_add_to_build_tracker[bot5]" time="2.360" /><testcase classname="tests.managers.test_building_manager.TestBuildingManager" name="test_remove_unit[bot5]" time="0.001" /><testcase classname="tests.managers.test_building_manager.TestBuildingManager" name="test_is_pending[bot5]" time="0.004" /><testcase classname="tests.managers.test_data_manager.TestDataManager" name="test_chosen_opening[bot0]" time="1.706" /><testcase classname="tests.managers.test_data_manager.TestDataManager" name="test_chosen_opening[bot1]" time="2.369" /><testcase classname="tests.managers.test_data_manager.TestDataManager" name="test_chosen_opening[bot2]" time="1.661" /><testcase classname="tests.managers.test_data_manager.TestDataManager" name="test_chosen_opening[bot3]" time="1.538" /><testcase classname="tests.managers.test_data_manager.TestDataManager" name="test_chosen_opening[bot4]" time="2.367" /><testcase classname="tests.managers.test_data_manager.TestDataManager" name="test_chosen_opening[bot5]" time="1.834" /><testcase classname="tests.managers.test_intel_manager.TestIntelManager" name="test_enemy_has_base_outside_natural[bot0]" time="2.204" /><testcase classname="tests.managers.test_intel_manager.TestIntelManager" name="test_no_enemy_cheese[bot0]" time="0.001" /><testcase classname="tests.managers.test_intel_manager.TestIntelManager" name="test_enemy_has_base_outside_natural[bot1]" time="1.885" /><testcase classname="tests.managers.test_intel_manager.TestIntelManager" name="test_no_enemy_cheese[bot1]" time="0.001" /><testcase classname="tests.managers.test_intel_manager.TestIntelManager" name="test_enemy_has_base_outside_natural[bot2]" time="2.189" /><testcase classname="tests.managers.test_intel_manager.TestIntelManager" name="test_no_enemy_cheese[bot2]" time="0.001" /><testcase classname="tests.managers.test_intel_manager.TestIntelManager" name="test_enemy_has_base_outside_natural[bot3]" time="1.542" /><testcase classname="tests.managers.test_intel_manager.TestIntelManager" name="test_no_enemy_cheese[bot3]" time="0.001" /><testcase classname="tests.managers.test_intel_manager.TestIntelManager" name="test_enemy_has_base_outside_natural[bot4]" time="1.762" /><testcase classname="tests.managers.test_intel_manager.TestIntelManager" name="test_no_enemy_cheese[bot4]" time="0.001" /><testcase classname="tests.managers.test_intel_manager.TestIntelManager" name="test_enemy_has_base_outside_natural[bot5]" time="2.396" /><testcase classname="tests.managers.test_intel_manager.TestIntelManager" name="test_no_enemy_cheese[bot5]" time="0.003" /><testcase classname="tests.managers.test_path_manager.TestPathManager" name="test_add_cost[bot0]" time="1.722" /><testcase classname="tests.managers.test_path_manager.TestPathManager" name="test_add_cost_to_all_grids[bot0]" time="0.001" /><testcase classname="tests.managers.test_path_manager.TestPathManager" name="test_add_cost[bot1]" time="2.325" /><testcase classname="tests.managers.test_path_manager.TestPathManager" name="test_add_cost_to_all_grids[bot1]" time="0.002" /><testcase classname="tests.managers.test_path_manager.TestPathManager" name="test_add_cost[bot2]" time="1.649" /><testcase classname="tests.managers.test_path_manager.TestPathManager" name="test_add_cost_to_all_grids[bot2]" time="0.002" /><testcase classname="tests.managers.test_path_manager.TestPathManager" name="test_add_cost[bot3]" time="2.144" /><testcase classname="tests.managers.test_path_manager.TestPathManager" name="test_add_cost_to_all_grids[bot3]" time="0.001" /><testcase classname="tests.managers.test_path_manager.TestPathManager" name="test_add_cost[bot4]" time="1.777" /><testcase classname="tests.managers.test_path_manager.TestPathManager" name="test_add_cost_to_all_grids[bot4]" time="0.002" /><testcase classname="tests.managers.test_path_manager.TestPathManager" name="test_add_cost[bot5]" time="2.389" /><testcase classname="tests.managers.test_path_manager.TestPathManager" name="test_add_cost_to_all_grids[bot5]" time="0.004" /><testcase classname="tests.managers.test_placement_manager.TestPlacementManager" name="test_placements_found[bot0]" time="1.725" /><testcase classname="tests.managers.test_placement_manager.TestPlacementManager" name="test_placements_found[bot1]" time="2.368" /><testcase classname="tests.managers.test_placement_manager.TestPlacementManager" name="test_placements_found[bot2]" time="1.669" /><testcase classname="tests.managers.test_placement_manager.TestPlacementManager" name="test_placements_found[bot3]" time="1.571" /><testcase classname="tests.managers.test_placement_manager.TestPlacementManager" name="test_placements_found[bot4]" time="2.316" /><testcase classname="tests.managers.test_placement_manager.TestPlacementManager" name="test_placements_found[bot5]" time="1.828" /><testcase classname="tests.managers.test_resource_manager.TestResourceManager" name="test_set_workers_per_gas[bot0]" time="2.270" /><testcase classname="tests.managers.test_resource_manager.TestResourceManager" name="test_available_minerals[bot0]" time="0.001" /><testcase classname="tests.managers.test_resource_manager.TestResourceManager" name="test_remove_worker_from_mineral[bot0]" time="0.001" /><testcase classname="tests.managers.test_resource_manager.TestResourceManager" name="test_set_workers_per_gas[bot1]" time="1.910" /><testcase classname="tests.managers.test_resource_manager.TestResourceManager" name="test_available_minerals[bot1]" time="0.002" /><testcase classname="tests.managers.test_resource_manager.TestResourceManager" name="test_remove_worker_from_mineral[bot1]" time="0.001" /><testcase classname="tests.managers.test_resource_manager.TestResourceManager" name="test_set_workers_per_gas[bot2]" time="2.172" /><testcase classname="tests.managers.test_resource_manager.TestResourceManager" name="test_available_minerals[bot2]" time="0.001" /><testcase classname="tests.managers.test_resource_manager.TestResourceManager" name="test_remove_worker_from_mineral[bot2]" time="0.001" /><testcase classname="tests.managers.test_resource_manager.TestResourceManager" name="test_set_workers_per_gas[bot3]" time="1.577" /><testcase classname="tests.managers.test_resource_manager.TestResourceManager" name="test_available_minerals[bot3]" time="0.001" /><testcase classname="tests.managers.test_resource_manager.TestResourceManager" name="test_remove_worker_from_mineral[bot3]" time="0.001" /><testcase classname="tests.managers.test_resource_manager.TestResourceManager" name="test_set_workers_per_gas[bot4]" time="1.959" /><testcase classname="tests.managers.test_resource_manager.TestResourceManager" name="test_available_minerals[bot4]" time="0.001" /><testcase classname="tests.managers.test_resource_manager.TestResourceManager" name="test_remove_worker_from_mineral[bot4]" time="0.001" /><testcase classname="tests.managers.test_resource_manager.TestResourceManager" name="test_set_workers_per_gas[bot5]" time="2.404" /><testcase classname="tests.managers.test_resource_manager.TestResourceManager" name="test_available_minerals[bot5]" time="0.001" /><testcase classname="tests.managers.test_resource_manager.TestResourceManager" name="test_remove_worker_from_mineral[bot5]" time="0.014" /><testcase classname="tests.managers.test_unit_role_manager.TestUnitRoleManager" name="test_assign_role[bot0]" time="1.738" /><testcase classname="tests.managers.test_unit_role_manager.TestUnitRoleManager" name="test_batch_assign_role[bot0]" time="0.001" /><testcase classname="tests.managers.test_unit_role_manager.TestUnitRoleManager" name="test_clear_role[bot0]" time="0.001" /><testcase classname="tests.managers.test_unit_role_manager.TestUnitRoleManager" name="test_batch_clear_role[bot0]" time="0.002" /><testcase classname="tests.managers.test_unit_role_manager.TestUnitRoleManager" name="test_assign_role[bot1]" time="2.369" /><testcase classname="tests.managers.test_unit_role_manager.TestUnitRoleManager" name="test_batch_assign_role[bot1]" time="0.001" /><testcase classname="tests.managers.test_unit_role_manager.TestUnitRoleManager" name="test_clear_role[bot1]" time="0.001" /><testcase classname="tests.managers.test_unit_role_manager.TestUnitRoleManager" name="test_batch_clear_role[bot1]" time="0.002" /><testcase classname="tests.managers.test_unit_role_manager.TestUnitRoleManager" name="test_assign_role[bot2]" time="1.661" /><testcase classname="tests.managers.test_unit_role_manager.TestUnitRoleManager" name="test_batch_assign_role[bot2]" time="0.001" /><testcase classname="tests.managers.test_unit_role_manager.TestUnitRoleManager" name="test_clear_role[bot2]" time="0.001" /><testcase classname="tests.managers.test_unit_role_manager.TestUnitRoleManager" name="test_batch_clear_role[bot2]" time="0.002" /><testcase classname="tests.managers.test_unit_role_manager.TestUnitRoleManager" name="test_assign_role[bot3]" time="2.144" /><testcase classname="tests.managers.test_unit_role_manager.TestUnitRoleManager" name="test_batch_assign_role[bot3]" time="0.001" /><testcase classname="tests.managers.test_unit_role_manager.TestUnitRoleManager" name="test_clear_role[bot3]" time="0.001" /><testcase classname="tests.managers.test_unit_role_manager.TestUnitRoleManager" name="test_batch_clear_role[bot3]" time="0.002" /><testcase classname="tests.managers.test_unit_role_manager.TestUnitRoleManager" name="test_assign_role[bot4]" time="1.810" /><testcase classname="tests.managers.test_unit_role_manager.TestUnitRoleManager" name="test_batch_assign_role[bot4]" time="0.001" /><testcase classname="tests.managers.test_unit_role_manager.TestUnitRoleManager" name="test_clear_role[bot4]" time="0.001" /><testcase classname="tests.managers.test_unit_role_manager.TestUnitRoleManager" name="test_batch_clear_role[bot4]" time="0.002" /><testcase classname="tests.managers.test_unit_role_manager.TestUnitRoleManager" name="test_assign_role[bot5]" time="1.818" /><testcase classname="tests.managers.test_unit_role_manager.TestUnitRoleManager" name="test_batch_assign_role[bot5]" time="0.002" /><testcase classname="tests.managers.test_unit_role_manager.TestUnitRoleManager" name="test_clear_role[bot5]" time="0.001" /><testcase classname="tests.managers.test_unit_role_manager.TestUnitRoleManager" name="test_batch_clear_role[bot5]" time="0.005" /></testsuite></testsuites>